  btAlignedAllocator.cpp
c1xx : fatal error C1083: Cannot open source file: 'C:\Users\s1608758\Desktop\New folder\2017-2018\1608758\CT5037 - High Level\BoidSimulation\deps\bullet\bullet3-master\src\LinearMath\btAlignedAllocator.cpp': No such file or directory
  btConvexHull.cpp
c1xx : fatal error C1083: Cannot open source file: 'C:\Users\s1608758\Desktop\New folder\2017-2018\1608758\CT5037 - High Level\BoidSimulation\deps\bullet\bullet3-master\src\LinearMath\btConvexHull.cpp': No such file or directory
  btConvexHullComputer.cpp
c1xx : fatal error C1083: Cannot open source file: 'C:\Users\s1608758\Desktop\New folder\2017-2018\1608758\CT5037 - High Level\BoidSimulation\deps\bullet\bullet3-master\src\LinearMath\btConvexHullComputer.cpp': No such file or directory
  btGeometryUtil.cpp
c1xx : fatal error C1083: Cannot open source file: 'C:\Users\s1608758\Desktop\New folder\2017-2018\1608758\CT5037 - High Level\BoidSimulation\deps\bullet\bullet3-master\src\LinearMath\btGeometryUtil.cpp': No such file or directory
  btPolarDecomposition.cpp
c1xx : fatal error C1083: Cannot open source file: 'C:\Users\s1608758\Desktop\New folder\2017-2018\1608758\CT5037 - High Level\BoidSimulation\deps\bullet\bullet3-master\src\LinearMath\btPolarDecomposition.cpp': No such file or directory
  btQuickprof.cpp
c1xx : fatal error C1083: Cannot open source file: 'C:\Users\s1608758\Desktop\New folder\2017-2018\1608758\CT5037 - High Level\BoidSimulation\deps\bullet\bullet3-master\src\LinearMath\btQuickprof.cpp': No such file or directory
  btSerializer.cpp
c1xx : fatal error C1083: Cannot open source file: 'C:\Users\s1608758\Desktop\New folder\2017-2018\1608758\CT5037 - High Level\BoidSimulation\deps\bullet\bullet3-master\src\LinearMath\btSerializer.cpp': No such file or directory
  btSerializer64.cpp
c1xx : fatal error C1083: Cannot open source file: 'C:\Users\s1608758\Desktop\New folder\2017-2018\1608758\CT5037 - High Level\BoidSimulation\deps\bullet\bullet3-master\src\LinearMath\btSerializer64.cpp': No such file or directory
  btThreads.cpp
c1xx : fatal error C1083: Cannot open source file: 'C:\Users\s1608758\Desktop\New folder\2017-2018\1608758\CT5037 - High Level\BoidSimulation\deps\bullet\bullet3-master\src\LinearMath\btThreads.cpp': No such file or directory
  btVector3.cpp
c1xx : fatal error C1083: Cannot open source file: 'C:\Users\s1608758\Desktop\New folder\2017-2018\1608758\CT5037 - High Level\BoidSimulation\deps\bullet\bullet3-master\src\LinearMath\btVector3.cpp': No such file or directory
  Generating Code...
